# JRE version: OpenJDK Runtime Environment Temurin-17.0.4.1+1 (17.0.4.1+1) (build 17.0.4.1+1)
# Java VM: OpenJDK 64-Bit Server VM Temurin-17.0.4.1+1 (17.0.4.1+1, mixed mode, tiered, compressed oops, compressed class ptrs, parallel gc, windows-amd64)
GC Precious Log:
 CPUs: 12 total, 12 available
 Memory: 16055M
 Large Page Support: Disabled
 NUMA Support: Disabled
 Compressed Oops: Enabled (32-bit)
 Alignments: Space 512K, Generation 512K, Heap 2M
 Heap Min Capacity: 100M
 Heap Initial Capacity: 100M
 Heap Max Capacity: 1G
 Pre-touch: Disabled
 Parallel Workers: 10
Heap:
 PSYoungGen      total 11264K, used 7168K [0x00000000eab00000, 0x00000000ee580000, 0x0000000100000000)
  eden space 4096K, 0% used [0x00000000eab00000,0x00000000eab00000,0x00000000eaf00000)
  from space 7168K, 100% used [0x00000000ec380000,0x00000000eca80000,0x00000000eca80000)
  to   space 20992K, 0% used [0x00000000eaf00000,0x00000000eaf00000,0x00000000ec380000)
 ParOldGen       total 75776K, used 75461K [0x00000000c0000000, 0x00000000c4a00000, 0x00000000eab00000)
  object space 75776K, 99% used [0x00000000c0000000,0x00000000c49b14d0,0x00000000c4a00000)
 Metaspace       used 58436K, committed 59264K, reserved 1105920K
  class space    used 5967K, committed 6336K, reserved 1048576K
GC Heap History (20 events):
Event: 5406.468 GC heap after
{Heap after GC invocations=97 (full 3):
 PSYoungGen      total 18944K, used 384K [0x00000000eab00000, 0x00000000ec000000, 0x0000000100000000)
  eden space 17920K, 0% used [0x00000000eab00000,0x00000000eab00000,0x00000000ebc80000)
  from space 1024K, 37% used [0x00000000ebe00000,0x00000000ebe60000,0x00000000ebf00000)
  to   space 1024K, 0% used [0x00000000ebf00000,0x00000000ebf00000,0x00000000ec000000)
 ParOldGen       total 75264K, used 57926K [0x00000000c0000000, 0x00000000c4980000, 0x00000000eab00000)
  object space 75264K, 76% used [0x00000000c0000000,0x00000000c38919c0,0x00000000c4980000)
 Metaspace       used 58367K, committed 59200K, reserved 1105920K
  class space    used 5967K, committed 6336K, reserved 1048576K
}
Event: 5460.079 GC heap before
{Heap before GC invocations=98 (full 3):
 PSYoungGen      total 18944K, used 18304K [0x00000000eab00000, 0x00000000ec000000, 0x0000000100000000)
  eden space 17920K, 100% used [0x00000000eab00000,0x00000000ebc80000,0x00000000ebc80000)
  from space 1024K, 37% used [0x00000000ebe00000,0x00000000ebe60000,0x00000000ebf00000)
  to   space 1024K, 0% used [0x00000000ebf00000,0x00000000ebf00000,0x00000000ec000000)
 ParOldGen       total 75264K, used 57926K [0x00000000c0000000, 0x00000000c4980000, 0x00000000eab00000)
  object space 75264K, 76% used [0x00000000c0000000,0x00000000c38919c0,0x00000000c4980000)
 Metaspace       used 58377K, committed 59200K, reserved 1105920K
  class space    used 5967K, committed 6336K, reserved 1048576K
}
Event: 5460.080 GC heap after
{Heap after GC invocations=98 (full 3):
 PSYoungGen      total 18944K, used 608K [0x00000000eab00000, 0x00000000ec000000, 0x0000000100000000)
  eden space 17920K, 0% used [0x00000000eab00000,0x00000000eab00000,0x00000000ebc80000)
  from space 1024K, 59% used [0x00000000ebf00000,0x00000000ebf98000,0x00000000ec000000)
  to   space 1024K, 0% used [0x00000000ebe00000,0x00000000ebe00000,0x00000000ebf00000)
 ParOldGen       total 75264K, used 57950K [0x00000000c0000000, 0x00000000c4980000, 0x00000000eab00000)
  object space 75264K, 76% used [0x00000000c0000000,0x00000000c38979c0,0x00000000c4980000)
 Metaspace       used 58377K, committed 59200K, reserved 1105920K
  class space    used 5967K, committed 6336K, reserved 1048576K
}
Event: 5460.294 GC heap before
{Heap before GC invocations=99 (full 3):
 PSYoungGen      total 18944K, used 18528K [0x00000000eab00000, 0x00000000ec000000, 0x0000000100000000)
  eden space 17920K, 100% used [0x00000000eab00000,0x00000000ebc80000,0x00000000ebc80000)
  from space 1024K, 59% used [0x00000000ebf00000,0x00000000ebf98000,0x00000000ec000000)
  to   space 1024K, 0% used [0x00000000ebe00000,0x00000000ebe00000,0x00000000ebf00000)
 ParOldGen       total 75264K, used 57950K [0x00000000c0000000, 0x00000000c4980000, 0x00000000eab00000)
  object space 75264K, 76% used [0x00000000c0000000,0x00000000c38979c0,0x00000000c4980000)
 Metaspace       used 58377K, committed 59200K, reserved 1105920K
  class space    used 5967K, committed 6336K, reserved 1048576K
}
Event: 5460.296 GC heap after
{Heap after GC invocations=99 (full 3):
 PSYoungGen      total 18944K, used 320K [0x00000000eab00000, 0x00000000ebf80000, 0x0000000100000000)
  eden space 17920K, 0% used [0x00000000eab00000,0x00000000eab00000,0x00000000ebc80000)
  from space 1024K, 31% used [0x00000000ebe00000,0x00000000ebe50000,0x00000000ebf00000)
  to   space 512K, 0% used [0x00000000ebf00000,0x00000000ebf00000,0x00000000ebf80000)
 ParOldGen       total 75264K, used 58304K [0x00000000c0000000, 0x00000000c4980000, 0x00000000eab00000)
  object space 75264K, 77% used [0x00000000c0000000,0x00000000c38f02f0,0x00000000c4980000)
 Metaspace       used 58377K, committed 59200K, reserved 1105920K
  class space    used 5967K, committed 6336K, reserved 1048576K
}
Event: 5460.857 GC heap before
{Heap before GC invocations=100 (full 3):
 PSYoungGen      total 18944K, used 18240K [0x00000000eab00000, 0x00000000ebf80000, 0x0000000100000000)
  eden space 17920K, 100% used [0x00000000eab00000,0x00000000ebc80000,0x00000000ebc80000)
  from space 1024K, 31% used [0x00000000ebe00000,0x00000000ebe50000,0x00000000ebf00000)
  to   space 512K, 0% used [0x00000000ebf00000,0x00000000ebf00000,0x00000000ebf80000)
 ParOldGen       total 75264K, used 58304K [0x00000000c0000000, 0x00000000c4980000, 0x00000000eab00000)
  object space 75264K, 77% used [0x00000000c0000000,0x00000000c38f02f0,0x00000000c4980000)
 Metaspace       used 58381K, committed 59200K, reserved 1105920K
  class space    used 5967K, committed 6336K, reserved 1048576K
}
Event: 5460.858 GC heap after
{Heap after GC invocations=100 (full 3):
 PSYoungGen      total 18432K, used 512K [0x00000000eab00000, 0x00000000ebf80000, 0x0000000100000000)
  eden space 17920K, 0% used [0x00000000eab00000,0x00000000eab00000,0x00000000ebc80000)
  from space 512K, 100% used [0x00000000ebf00000,0x00000000ebf80000,0x00000000ebf80000)
  to   space 1024K, 0% used [0x00000000ebd80000,0x00000000ebd80000,0x00000000ebe80000)
 ParOldGen       total 75264K, used 58408K [0x00000000c0000000, 0x00000000c4980000, 0x00000000eab00000)
  object space 75264K, 77% used [0x00000000c0000000,0x00000000c390a2f0,0x00000000c4980000)
 Metaspace       used 58381K, committed 59200K, reserved 1105920K
  class space    used 5967K, committed 6336K, reserved 1048576K
}
Event: 5461.486 GC heap before
{Heap before GC invocations=101 (full 3):
 PSYoungGen      total 18432K, used 18432K [0x00000000eab00000, 0x00000000ebf80000, 0x0000000100000000)
  eden space 17920K, 100% used [0x00000000eab00000,0x00000000ebc80000,0x00000000ebc80000)
  from space 512K, 100% used [0x00000000ebf00000,0x00000000ebf80000,0x00000000ebf80000)
  to   space 1024K, 0% used [0x00000000ebd80000,0x00000000ebd80000,0x00000000ebe80000)
 ParOldGen       total 75264K, used 58408K [0x00000000c0000000, 0x00000000c4980000, 0x00000000eab00000)
  object space 75264K, 77% used [0x00000000c0000000,0x00000000c390a2f0,0x00000000c4980000)
 Metaspace       used 58388K, committed 59264K, reserved 1105920K
  class space    used 5967K, committed 6336K, reserved 1048576K
}
Event: 5461.487 GC heap after
{Heap after GC invocations=101 (full 3):
 PSYoungGen      total 18944K, used 224K [0x00000000eab00000, 0x00000000ebf80000, 0x0000000100000000)
  eden space 17920K, 0% used [0x00000000eab00000,0x00000000eab00000,0x00000000ebc80000)
  from space 1024K, 21% used [0x00000000ebd80000,0x00000000ebdb8000,0x00000000ebe80000)
  to   space 512K, 0% used [0x00000000ebf00000,0x00000000ebf00000,0x00000000ebf80000)
 ParOldGen       total 75264K, used 58536K [0x00000000c0000000, 0x00000000c4980000, 0x00000000eab00000)
  object space 75264K, 77% used [0x00000000c0000000,0x00000000c392a2f0,0x00000000c4980000)
 Metaspace       used 58388K, committed 59264K, reserved 1105920K
  class space    used 5967K, committed 6336K, reserved 1048576K
}
Event: 5461.817 GC heap before
{Heap before GC invocations=102 (full 3):
 PSYoungGen      total 18944K, used 18144K [0x00000000eab00000, 0x00000000ebf80000, 0x0000000100000000)
  eden space 17920K, 100% used [0x00000000eab00000,0x00000000ebc80000,0x00000000ebc80000)
  from space 1024K, 21% used [0x00000000ebd80000,0x00000000ebdb8000,0x00000000ebe80000)
  to   space 512K, 0% used [0x00000000ebf00000,0x00000000ebf00000,0x00000000ebf80000)
 ParOldGen       total 75264K, used 58536K [0x00000000c0000000, 0x00000000c4980000, 0x00000000eab00000)
  object space 75264K, 77% used [0x00000000c0000000,0x00000000c392a2f0,0x00000000c4980000)
 Metaspace       used 58388K, committed 59264K, reserved 1105920K
  class space    used 5967K, committed 6336K, reserved 1048576K
}
Event: 5461.818 GC heap after
{Heap after GC invocations=102 (full 3):
 PSYoungGen      total 18432K, used 96K [0x00000000eab00000, 0x00000000ebf80000, 0x0000000100000000)
  eden space 17920K, 0% used [0x00000000eab00000,0x00000000eab00000,0x00000000ebc80000)
  from space 512K, 18% used [0x00000000ebf00000,0x00000000ebf18000,0x00000000ebf80000)
  to   space 512K, 0% used [0x00000000ebe80000,0x00000000ebe80000,0x00000000ebf00000)
 ParOldGen       total 75264K, used 58669K [0x00000000c0000000, 0x00000000c4980000, 0x00000000eab00000)
  object space 75264K, 77% used [0x00000000c0000000,0x00000000c394b490,0x00000000c4980000)
 Metaspace       used 58388K, committed 59264K, reserved 1105920K
  class space    used 5967K, committed 6336K, reserved 1048576K
}
Event: 5462.087 GC heap before
{Heap before GC invocations=103 (full 3):
 PSYoungGen      total 18432K, used 18016K [0x00000000eab00000, 0x00000000ebf80000, 0x0000000100000000)
  eden space 17920K, 100% used [0x00000000eab00000,0x00000000ebc80000,0x00000000ebc80000)
  from space 512K, 18% used [0x00000000ebf00000,0x00000000ebf18000,0x00000000ebf80000)
  to   space 512K, 0% used [0x00000000ebe80000,0x00000000ebe80000,0x00000000ebf00000)
 ParOldGen       total 75264K, used 58669K [0x00000000c0000000, 0x00000000c4980000, 0x00000000eab00000)
  object space 75264K, 77% used [0x00000000c0000000,0x00000000c394b490,0x00000000c4980000)
 Metaspace       used 58389K, committed 59264K, reserved 1105920K
  class space    used 5967K, committed 6336K, reserved 1048576K
}
Event: 5462.088 GC heap after
{Heap after GC invocations=103 (full 3):
 PSYoungGen      total 18432K, used 288K [0x00000000eab00000, 0x00000000ebf80000, 0x0000000100000000)
  eden space 17920K, 0% used [0x00000000eab00000,0x00000000eab00000,0x00000000ebc80000)
  from space 512K, 56% used [0x00000000ebe80000,0x00000000ebec8000,0x00000000ebf00000)
  to   space 512K, 0% used [0x00000000ebf00000,0x00000000ebf00000,0x00000000ebf80000)
 ParOldGen       total 75264K, used 58701K [0x00000000c0000000, 0x00000000c4980000, 0x00000000eab00000)
  object space 75264K, 77% used [0x00000000c0000000,0x00000000c3953490,0x00000000c4980000)
 Metaspace       used 58389K, committed 59264K, reserved 1105920K
  class space    used 5967K, committed 6336K, reserved 1048576K
}
Event: 5752.153 GC heap before
{Heap before GC invocations=104 (full 3):
 PSYoungGen      total 18432K, used 18208K [0x00000000eab00000, 0x00000000ebf80000, 0x0000000100000000)
  eden space 17920K, 100% used [0x00000000eab00000,0x00000000ebc80000,0x00000000ebc80000)
  from space 512K, 56% used [0x00000000ebe80000,0x00000000ebec8000,0x00000000ebf00000)
  to   space 512K, 0% used [0x00000000ebf00000,0x00000000ebf00000,0x00000000ebf80000)
 ParOldGen       total 75264K, used 58701K [0x00000000c0000000, 0x00000000c4980000, 0x00000000eab00000)
  object space 75264K, 77% used [0x00000000c0000000,0x00000000c3953490,0x00000000c4980000)
 Metaspace       used 58399K, committed 59264K, reserved 1105920K
  class space    used 5967K, committed 6336K, reserved 1048576K
}
Event: 5752.154 GC heap after
{Heap after GC invocations=104 (full 3):
 PSYoungGen      total 18432K, used 320K [0x00000000eab00000, 0x00000000ebf80000, 0x0000000100000000)
  eden space 17920K, 0% used [0x00000000eab00000,0x00000000eab00000,0x00000000ebc80000)
  from space 512K, 62% used [0x00000000ebf00000,0x00000000ebf50000,0x00000000ebf80000)
  to   space 512K, 0% used [0x00000000ebe80000,0x00000000ebe80000,0x00000000ebf00000)
 ParOldGen       total 75264K, used 58789K [0x00000000c0000000, 0x00000000c4980000, 0x00000000eab00000)
  object space 75264K, 78% used [0x00000000c0000000,0x00000000c3969490,0x00000000c4980000)
 Metaspace       used 58399K, committed 59264K, reserved 1105920K
  class space    used 5967K, committed 6336K, reserved 1048576K
}
Event: 5757.476 GC heap before
{Heap before GC invocations=105 (full 3):
 PSYoungGen      total 18432K, used 18240K [0x00000000eab00000, 0x00000000ebf80000, 0x0000000100000000)
  eden space 17920K, 100% used [0x00000000eab00000,0x00000000ebc80000,0x00000000ebc80000)
  from space 512K, 62% used [0x00000000ebf00000,0x00000000ebf50000,0x00000000ebf80000)
  to   space 512K, 0% used [0x00000000ebe80000,0x00000000ebe80000,0x00000000ebf00000)
 ParOldGen       total 75264K, used 58789K [0x00000000c0000000, 0x00000000c4980000, 0x00000000eab00000)
  object space 75264K, 78% used [0x00000000c0000000,0x00000000c3969490,0x00000000c4980000)
 Metaspace       used 58430K, committed 59264K, reserved 1105920K
  class space    used 5967K, committed 6336K, reserved 1048576K
}
Event: 5757.487 GC heap after
{Heap after GC invocations=105 (full 3):
 PSYoungGen      total 18432K, used 512K [0x00000000eab00000, 0x00000000eca80000, 0x0000000100000000)
  eden space 17920K, 0% used [0x00000000eab00000,0x00000000eab00000,0x00000000ebc80000)
  from space 512K, 100% used [0x00000000ebe80000,0x00000000ebf00000,0x00000000ebf00000)
  to   space 7168K, 0% used [0x00000000ec380000,0x00000000ec380000,0x00000000eca80000)
 ParOldGen       total 75264K, used 64109K [0x00000000c0000000, 0x00000000c4980000, 0x00000000eab00000)
  object space 75264K, 85% used [0x00000000c0000000,0x00000000c3e9b4d0,0x00000000c4980000)
 Metaspace       used 58430K, committed 59264K, reserved 1105920K
  class space    used 5967K, committed 6336K, reserved 1048576K
}
Event: 5757.568 GC heap before
{Heap before GC invocations=106 (full 3):
 PSYoungGen      total 18432K, used 18432K [0x00000000eab00000, 0x00000000eca80000, 0x0000000100000000)
  eden space 17920K, 100% used [0x00000000eab00000,0x00000000ebc80000,0x00000000ebc80000)
  from space 512K, 100% used [0x00000000ebe80000,0x00000000ebf00000,0x00000000ebf00000)
  to   space 7168K, 0% used [0x00000000ec380000,0x00000000ec380000,0x00000000eca80000)
 ParOldGen       total 75264K, used 64109K [0x00000000c0000000, 0x00000000c4980000, 0x00000000eab00000)
  object space 75264K, 85% used [0x00000000c0000000,0x00000000c3e9b4d0,0x00000000c4980000)
 Metaspace       used 58436K, committed 59264K, reserved 1105920K
  class space    used 5967K, committed 6336K, reserved 1048576K
}
Event: 5757.595 GC heap after
{Heap after GC invocations=106 (full 3):
 PSYoungGen      total 11264K, used 7168K [0x00000000eab00000, 0x00000000ee580000, 0x0000000100000000)
  eden space 4096K, 0% used [0x00000000eab00000,0x00000000eab00000,0x00000000eaf00000)
  from space 7168K, 100% used [0x00000000ec380000,0x00000000eca80000,0x00000000eca80000)
  to   space 20992K, 0% used [0x00000000eaf00000,0x00000000eaf00000,0x00000000ec380000)
 ParOldGen       total 75776K, used 75461K [0x00000000c0000000, 0x00000000c4a00000, 0x00000000eab00000)
  object space 75776K, 99% used [0x00000000c0000000,0x00000000c49b14d0,0x00000000c4a00000)
 Metaspace       used 58436K, committed 59264K, reserved 1105920K
  class space    used 5967K, committed 6336K, reserved 1048576K
}
Event: 5757.595 GC heap before
{Heap before GC invocations=107 (full 4):
 PSYoungGen      total 11264K, used 7168K [0x00000000eab00000, 0x00000000ee580000, 0x0000000100000000)
  eden space 4096K, 0% used [0x00000000eab00000,0x00000000eab00000,0x00000000eaf00000)
  from space 7168K, 100% used [0x00000000ec380000,0x00000000eca80000,0x00000000eca80000)
  to   space 20992K, 0% used [0x00000000eaf00000,0x00000000eaf00000,0x00000000ec380000)
 ParOldGen       total 75776K, used 75461K [0x00000000c0000000, 0x00000000c4a00000, 0x00000000eab00000)
  object space 75776K, 99% used [0x00000000c0000000,0x00000000c49b14d0,0x00000000c4a00000)
 Metaspace       used 58436K, committed 59264K, reserved 1105920K
  class space    used 5967K, committed 6336K, reserved 1048576K
}

